This is pdfeTeX, Version 3.141592-1.21a-2.2 (MiKTeX 2.4) (preloaded format=latex 2006.3.25)  27 JUL 2006 08:28
entering extended mode
**\nonstopmode\input{system_chapter.tex}
(system_chapter.tex (uhthesis2e.cls
Document Class: uhthesis2e 1998/09/25 CAM & RSB's University of Hawaii Thesis C
lass (a modification of University of California Thesis Class)
(c:\program files\texmf\tex\latex\base\ifthen.sty
Package: ifthen 2001/05/26 v1.1c Standard LaTeX ifthen package (DPC)
) (uht11.clo)
\descriptionmargin=\dimen102
\c@part=\count79
\c@chapter=\count80
\c@section=\count81
\c@subsection=\count82
\c@subsubsection=\count83
\c@paragraph=\count84
\c@subparagraph=\count85
\c@figure=\count86
\c@table=\count87
)
(c:\program files\texmf\tex\latex\ltxmisc\url.sty
\Urlmuskip=\muskip10
Package: url 2004/03/15  ver 3.1  Verb mode for urls, etc.
)
(c:\program files\texmf\tex\latex\amsmath\amsmath.sty
Package: amsmath 2000/07/18 v2.13 AMS math features
\@mathmargin=\skip41

For additional information on amsmath, use the `?' option.
(c:\program files\texmf\tex\latex\amsmath\amstext.sty
Package: amstext 2000/06/29 v2.01

(c:\program files\texmf\tex\latex\amsmath\amsgen.sty
File: amsgen.sty 1999/11/30 v2.0
\@emptytoks=\toks14
\ex@=\dimen103
))
(c:\program files\texmf\tex\latex\amsmath\amsbsy.sty
Package: amsbsy 1999/11/29 v1.2d
\pmbraise@=\dimen104
)
(c:\program files\texmf\tex\latex\amsmath\amsopn.sty
Package: amsopn 1999/12/14 v2.01 operator names
)
\inf@bad=\count88
LaTeX Info: Redefining \frac on input line 211.
\uproot@=\count89
\leftroot@=\count90
LaTeX Info: Redefining \overline on input line 307.
\classnum@=\count91
\DOTSCASE@=\count92
LaTeX Info: Redefining \ldots on input line 379.
LaTeX Info: Redefining \dots on input line 382.
LaTeX Info: Redefining \cdots on input line 467.
\Mathstrutbox@=\box26
\strutbox@=\box27
\big@size=\dimen105
LaTeX Font Info:    Redeclaring font encoding OML on input line 567.
LaTeX Font Info:    Redeclaring font encoding OMS on input line 568.
\macc@depth=\count93
\c@MaxMatrixCols=\count94
\dotsspace@=\muskip11
\c@parentequation=\count95
\dspbrk@lvl=\count96
\tag@help=\toks15
\row@=\count97
\column@=\count98
\maxfields@=\count99
\andhelp@=\toks16
\eqnshift@=\dimen106
\alignsep@=\dimen107
\tagshift@=\dimen108
\tagwidth@=\dimen109
\totwidth@=\dimen110
\lineht@=\dimen111
\@envbody=\toks17
\multlinegap=\skip42
\multlinetaggap=\skip43
\mathdisplay@stack=\toks18
LaTeX Info: Redefining \[ on input line 2666.
LaTeX Info: Redefining \] on input line 2667.
)
(c:\program files\texmf\tex\latex\graphics\graphicx.sty
Package: graphicx 1999/02/16 v1.0f Enhanced LaTeX Graphics (DPC,SPQR)

(c:\program files\texmf\tex\latex\graphics\keyval.sty
Package: keyval 1999/03/16 v1.13 key=value parser (DPC)
\KV@toks@=\toks19
)
(c:\program files\texmf\tex\latex\graphics\graphics.sty
Package: graphics 2001/07/07 v1.0n Standard LaTeX Graphics (DPC,SPQR)

(c:\program files\texmf\tex\latex\graphics\trig.sty
Package: trig 1999/03/16 v1.09 sin cos tan (DPC)
)
(c:\program files\texmf\tex\latex\00miktex\graphics.cfg
File: graphics.cfg 2003/03/12 v1.1 MiKTeX 'graphics' configuration
)
Package graphics Info: Driver file: pdftex.def on input line 80.

(c:\program files\texmf\tex\latex\graphics\pdftex.def
File: pdftex.def 2002/06/19 v0.03k graphics/color for pdftex
\Gread@gobject=\count100
))
\Gin@req@height=\dimen112
\Gin@req@width=\dimen113
)
(c:\program files\texmf\tex\latex\graphics\epsfig.sty
Package: epsfig 1999/02/16 v1.7a (e)psfig emulation (SPQR)
\epsfxsize=\dimen114
\epsfysize=\dimen115
)
(c:\program files\texmf\tex\latex\rotating\rotating.sty
Package: rotating 1997/09/26 v2.13 Rotation package
\c@r@tfl@t=\count101
\rot@float@box=\box28
)
(c:\program files\texmf\tex\latex\fancyhdr\fancyhdr.sty
\fancy@headwidth=\skip44
\f@ncyO@elh=\skip45
\f@ncyO@erh=\skip46
\f@ncyO@olh=\skip47
\f@ncyO@orh=\skip48
\f@ncyO@elf=\skip49
\f@ncyO@erf=\skip50
\f@ncyO@olf=\skip51
\f@ncyO@orf=\skip52
)
(c:\program files\texmf\tex\latex\acronym\acronym.sty
Package: acronym 2004/11/10 v1.17 Support for acronyms (Tobias Oetiker)
\clearlist=\toks20
) (system_chapter.aux)
LaTeX Font Info:    Checking defaults for OML/cmm/m/it on input line 102.
LaTeX Font Info:    ... okay on input line 102.
LaTeX Font Info:    Checking defaults for T1/cmr/m/n on input line 102.
LaTeX Font Info:    ... okay on input line 102.
LaTeX Font Info:    Checking defaults for OT1/cmr/m/n on input line 102.
LaTeX Font Info:    ... okay on input line 102.
LaTeX Font Info:    Checking defaults for OMS/cmsy/m/n on input line 102.
LaTeX Font Info:    ... okay on input line 102.
LaTeX Font Info:    Checking defaults for OMX/cmex/m/n on input line 102.
LaTeX Font Info:    ... okay on input line 102.
LaTeX Font Info:    Checking defaults for U/cmr/m/n on input line 102.
LaTeX Font Info:    ... okay on input line 102.

(c:\program files\texmf\tex\context\base\supp-pdf.tex
(c:\program files\texmf\tex\context\base\supp-mis.tex
loading : Context Support Macros / Miscellaneous (2004.10.26)
\protectiondepth=\count102
\scratchcounter=\count103
\scratchtoks=\toks21
\scratchdimen=\dimen116
\scratchskip=\skip53
\scratchmuskip=\muskip12
\scratchbox=\box29
\scratchread=\read1
\scratchwrite=\write3
\zeropoint=\dimen117
\onepoint=\dimen118
\onebasepoint=\dimen119
\minusone=\count104
\thousandpoint=\dimen120
\onerealpoint=\dimen121
\emptytoks=\toks22
\nextbox=\box30
\nextdepth=\dimen122
\everyline=\toks23
\!!counta=\count105
\!!countb=\count106
\recursecounter=\count107
)
loading : Context Support Macros / PDF (2004.03.26)
\nofMPsegments=\count108
\nofMParguments=\count109
\MPscratchCnt=\count110
\MPscratchDim=\dimen123
\MPnumerator=\count111
\everyMPtoPDFconversion=\toks24
) [1

{psfonts.map}]
Chapter 1.
(experiments/experiments.tex (experiments/intro/intro.tex

LaTeX Warning: Citation `Lewis:1993a' on page 1 undefined on input line 18.


LaTeX Warning: Citation `Koehler:1933a' on page 1 undefined on input line 18.


LaTeX Warning: Citation `Williams:1974a' on page 1 undefined on input line 18.

) [1

] (experiments/preliminary/LED.tex (figures/experiments/redLED/redLED.tex

Package pdftex.def Warning: Option `bb' does not make sense,
(pdftex.def)                using `viewport' instead on input line 11.

<figures/experiments/redLED/redLED.pdf, id=20, 614.295pt x 794.97pt>
File: figures/experiments/redLED/redLED.pdf Graphic file (type pdf)

<use figures/experiments/redLED/redLED.pdf>)
(figures/experiments/yellowLED/yellowLED.tex

Package pdftex.def Warning: Option `bb' does not make sense,
(pdftex.def)                using `viewport' instead on input line 11.

<figures/experiments/yellowLED/yellowLED.pdf, id=21, 614.295pt x 794.97pt>
File: figures/experiments/yellowLED/yellowLED.pdf Graphic file (type pdf)

<use figures/experiments/yellowLED/yellowLED.pdf>)
(figures/experiments/greenLED/greenLED.tex

Package pdftex.def Warning: Option `bb' does not make sense,
(pdftex.def)                using `viewport' instead on input line 11.

<figures/experiments/greenLED/greenLED.pdf, id=22, 614.295pt x 794.97pt>
File: figures/experiments/greenLED/greenLED.pdf Graphic file (type pdf)

<use figures/experiments/greenLED/greenLED.pdf>) [2 <figures/experiments/redLED
/redLED.pdf>] [3 <figures/experiments/yellowLED/yellowLED.pdf> <figures/experim
ents/greenLED/greenLED.pdf>]) (experiments/preliminary/Hg_fast-PD.tex)
(experiments/preliminary/red-green-HeNe_LIF.tex
(figures/experiments/iodine_potato/iodine_potato.tex

Package pdftex.def Warning: Option `bb' does not make sense,
(pdftex.def)                using `viewport' instead on input line 11.


<figures/experiments/iodine_potato/iodine_potato.pdf, id=47, 614.295pt x 794.97
pt>
File: figures/experiments/iodine_potato/iodine_potato.pdf Graphic file (type pd
f)
 <use figures/experiments/iodine_potato/iodine_potato.pdf>)
(figures/experiments/iodine_clean/iodine_clean.tex

Package pdftex.def Warning: Option `bb' does not make sense,
(pdftex.def)                using `viewport' instead on input line 11.


<figures/experiments/iodine_clean/iodine_clean.pdf, id=48, 614.295pt x 794.97pt
>
File: figures/experiments/iodine_clean/iodine_clean.pdf Graphic file (type pdf)

 <use figures/experiments/iodine_clean/iodine_clean.pdf>) [4]

LaTeX Warning: Reference `DC test section' on page 5 undefined on input line 9.



LaTeX Warning: Reference `Pockels cell pulse section' on page 5 undefined on in
put line 9.

) [5 <figures/experiments/iodine_potato/iodine_potato.pdf>]
(experiments/absorption/layout.tex) (experiments/absorption/data.tex
(figures/experiments/absorption/absorption.tex

Package pdftex.def Warning: Option `bb' does not make sense,
(pdftex.def)                using `viewport' instead on input line 11.

<figures/experiments/absorption/absorption.pdf, id=73, 614.295pt x 794.97pt>
File: figures/experiments/absorption/absorption.pdf Graphic file (type pdf)

<use figures/experiments/absorption/absorption.pdf>) [6 <figures/experiments/io
dine_clean/iodine_clean.pdf>]) (experiments/sample/layout.tex) [7 <figures/expe
riments/absorption/absorption.pdf>] (experiments/sample/data.tex
(figures/experiments/baked_potato/baked_potato.tex

Package pdftex.def Warning: Option `bb' does not make sense,
(pdftex.def)                using `viewport' instead on input line 11.


<figures/experiments/baked_potato/baked_potato.pdf, id=93, 614.295pt x 794.97pt
>
File: figures/experiments/baked_potato/baked_potato.pdf Graphic file (type pdf)

 <use figures/experiments/baked_potato/baked_potato.pdf>)) [8 <figures/experime
nts/baked_potato/baked_potato.pdf>] (experiments/transition/layout.tex)
(experiments/transition/data.tex (figures/experiments/fl_4/fl_4.tex

Package pdftex.def Warning: Option `bb' does not make sense,
(pdftex.def)                using `viewport' instead on input line 11.

<figures/experiments/fl_4/fl_4.pdf, id=103, 614.295pt x 794.97pt>
File: figures/experiments/fl_4/fl_4.pdf Graphic file (type pdf)

<use figures/experiments/fl_4/fl_4.pdf>) (figures/experiments/fl_5/fl_5.tex

Package pdftex.def Warning: Option `bb' does not make sense,
(pdftex.def)                using `viewport' instead on input line 11.

<figures/experiments/fl_5/fl_5.pdf, id=104, 614.295pt x 794.97pt>
File: figures/experiments/fl_5/fl_5.pdf Graphic file (type pdf)

<use figures/experiments/fl_5/fl_5.pdf>)

LaTeX Warning: Reference `iodine levels section' on page 9 undefined on input l
ine 5.

[9 <figures/experiments/fl_4/fl_4.pdf>]) [10 <figures/experiments/fl_5/fl_5.pdf
>] (experiments/decay/integration.tex) (experiments/decay/data.tex
(figures/experiments/decay/decay.tex

Package pdftex.def Warning: Option `bb' does not make sense,
(pdftex.def)                using `viewport' instead on input line 11.

<figures/experiments/decay/decay.pdf, id=123, 614.295pt x 794.97pt>
File: figures/experiments/decay/decay.pdf Graphic file (type pdf)

<use figures/experiments/decay/decay.pdf>)) (experiments/decay/decay.tex

LaTeX Warning: Reference `density section' on page 11 undefined on input line 3
.

) [11 <figures/experiments/decay/decay.pdf>] (experiments/decay/layout.tex)
(experiments/aeromatic/data.tex
(figures/experiments/355_anthracene/355_anthracene.tex

Package pdftex.def Warning: Option `bb' does not make sense,
(pdftex.def)                using `viewport' instead on input line 11.


<figures/experiments/355_anthracene/355_anthracene.pdf, id=133, 614.295pt x 794
.97pt>
File: figures/experiments/355_anthracene/355_anthracene.pdf Graphic file (type 
pdf)
 <use figures/experiments/355_anthracene/355_anthracene.pdf>)
(figures/experiments/1064_ghosts/1064_ghosts.tex

Package pdftex.def Warning: Option `bb' does not make sense,
(pdftex.def)                using `viewport' instead on input line 11.


<figures/experiments/1064_ghosts/1064_ghosts.pdf, id=134, 614.295pt x 794.97pt>
File: figures/experiments/1064_ghosts/1064_ghosts.pdf Graphic file (type pdf)
<use figures/experiments/1064_ghosts/1064_ghosts.pdf>)

LaTeX Warning: Citation `Palmer:2002a' on page 12 undefined on input line 6.

) [12] [13 <figures/experiments/355_anthracene/355_anthracene.pdf> <figures/exp
eriments/1064_ghosts/1064_ghosts.pdf>] (experiments/conclusion/conclusion.tex))
[14] (system_chapter.aux)

LaTeX Warning: There were undefined references.

 ) 
Here is how much of TeX's memory you used:
 2467 strings out of 95512
 30761 string characters out of 1189056
 79475 words of memory out of 1079667
 5142 multiletter control sequences out of 60000
 9484 words of font info for 34 fonts, out of 500000 for 1000
 14 hyphenation exceptions out of 607
 28i,7n,43p,1044b,227s stack positions out of 1500i,500n,5000p,200000b,32768s
PDF statistics:
 161 PDF objects out of 300000
 0 named destinations out of 300000
 61 words of extra memory for PDF output out of 65536
<c:\program files\texmf\fonts\type1\bluesky\cm\cmr8.pfb><c:\program files\tex
mf\fonts\type1\bluesky\cm\cmsy10.pfb><c:\program files\texmf\fonts\type1\bluesk
y\cm\cmmi10.pfb><c:\program files\texmf\fonts\type1\bluesky\cm\cmsy8.pfb><c:\pr
ogram files\texmf\fonts\type1\bluesky\cm\cmbx10.pfb><c:\program files\texmf\fon
ts\type1\bluesky\cm\cmr10.pfb><c:\program files\texmf\fonts\type1\bluesky\cm\cm
bx12.pfb><c:\program files\texmf\fonts\type1\bluesky\cm\cmr12.pfb>
Output written on system_chapter.pdf (15 pages, 780842 bytes).
