****************************************************************************
*  Note: attach this log file to the tracker item,                         *
*        if you intend to submit a bug report at                           *
*  http://sourceforge.net/tracker/?atid=110783&group_id=10783&func=browse  *
****************************************************************************


MiKTeX Setup Wizard 2.3.1294 Report

Date: Saturday, February 19, 2005
Time: 14:10:18
Windows version: 0a280105
Admin: yes
Setup path: C:\Documents and Settings\Boson\Desktop\emacs and tex\software downloads\Mintex\setup.exe
Starting download...
Local folder: C:\Documents and Settings\Boson\Desktop\emacs and tex\software downloads\Mintex\package repository
Remote folder: ftp://ctan.math.utah.edu/tex-archive/systems/win32/miktex/tm/packages/
Opening repository ftp://ctan.math.utah.edu/tex-archive/systems/win32/miktex/tm/packages/...
Repository type: remote...
Loading DBlight...
downloading 'ftp://ctan.math.utah.edu/tex-archive/systems/win32/miktex/tm/packages/miktex-zzdb1.cab' (unknown size)...
Error: The file

  ftp://ctan.math.utah.edu/tex-archive/systems/win32/miktex/tm/packages/miktex-zzdb1.cabcannot be downloaded for the following reason:




****************************************************************************
*  Note: attach this log file to the tracker item,                         *
*        if you intend to submit a bug report at                           *
*  http://sourceforge.net/tracker/?atid=110783&group_id=10783&func=browse  *
****************************************************************************
