This is pdfeTeX, Version 3.141592-1.21a-2.2 (MiKTeX 2.4) (preloaded format=latex 2006.3.25)  27 JUL 2006 08:29
entering extended mode
**\nonstopmode\input{entire_document.tex}
(entire_document.tex (uhthesis2e.cls
Document Class: uhthesis2e 1998/09/25 CAM & RSB's University of Hawaii Thesis C
lass (a modification of University of California Thesis Class)
(c:\program files\texmf\tex\latex\base\ifthen.sty
Package: ifthen 2001/05/26 v1.1c Standard LaTeX ifthen package (DPC)
) (uht11.clo)
\descriptionmargin=\dimen102
\c@part=\count79
\c@chapter=\count80
\c@section=\count81
\c@subsection=\count82
\c@subsubsection=\count83
\c@paragraph=\count84
\c@subparagraph=\count85
\c@figure=\count86
\c@table=\count87
)
(c:\program files\texmf\tex\latex\ltxmisc\url.sty
\Urlmuskip=\muskip10
Package: url 2004/03/15  ver 3.1  Verb mode for urls, etc.
)
(c:\program files\texmf\tex\latex\amsmath\amsmath.sty
Package: amsmath 2000/07/18 v2.13 AMS math features
\@mathmargin=\skip41

For additional information on amsmath, use the `?' option.
(c:\program files\texmf\tex\latex\amsmath\amstext.sty
Package: amstext 2000/06/29 v2.01

(c:\program files\texmf\tex\latex\amsmath\amsgen.sty
File: amsgen.sty 1999/11/30 v2.0
\@emptytoks=\toks14
\ex@=\dimen103
))
(c:\program files\texmf\tex\latex\amsmath\amsbsy.sty
Package: amsbsy 1999/11/29 v1.2d
\pmbraise@=\dimen104
)
(c:\program files\texmf\tex\latex\amsmath\amsopn.sty
Package: amsopn 1999/12/14 v2.01 operator names
)
\inf@bad=\count88
LaTeX Info: Redefining \frac on input line 211.
\uproot@=\count89
\leftroot@=\count90
LaTeX Info: Redefining \overline on input line 307.
\classnum@=\count91
\DOTSCASE@=\count92
LaTeX Info: Redefining \ldots on input line 379.
LaTeX Info: Redefining \dots on input line 382.
LaTeX Info: Redefining \cdots on input line 467.
\Mathstrutbox@=\box26
\strutbox@=\box27
\big@size=\dimen105
LaTeX Font Info:    Redeclaring font encoding OML on input line 567.
LaTeX Font Info:    Redeclaring font encoding OMS on input line 568.
\macc@depth=\count93
\c@MaxMatrixCols=\count94
\dotsspace@=\muskip11
\c@parentequation=\count95
\dspbrk@lvl=\count96
\tag@help=\toks15
\row@=\count97
\column@=\count98
\maxfields@=\count99
\andhelp@=\toks16
\eqnshift@=\dimen106
\alignsep@=\dimen107
\tagshift@=\dimen108
\tagwidth@=\dimen109
\totwidth@=\dimen110
\lineht@=\dimen111
\@envbody=\toks17
\multlinegap=\skip42
\multlinetaggap=\skip43
\mathdisplay@stack=\toks18
LaTeX Info: Redefining \[ on input line 2666.
LaTeX Info: Redefining \] on input line 2667.
)
(c:\program files\texmf\tex\latex\graphics\graphicx.sty
Package: graphicx 1999/02/16 v1.0f Enhanced LaTeX Graphics (DPC,SPQR)

(c:\program files\texmf\tex\latex\graphics\keyval.sty
Package: keyval 1999/03/16 v1.13 key=value parser (DPC)
\KV@toks@=\toks19
)
(c:\program files\texmf\tex\latex\graphics\graphics.sty
Package: graphics 2001/07/07 v1.0n Standard LaTeX Graphics (DPC,SPQR)

(c:\program files\texmf\tex\latex\graphics\trig.sty
Package: trig 1999/03/16 v1.09 sin cos tan (DPC)
)
(c:\program files\texmf\tex\latex\00miktex\graphics.cfg
File: graphics.cfg 2003/03/12 v1.1 MiKTeX 'graphics' configuration
)
Package graphics Info: Driver file: pdftex.def on input line 80.

(c:\program files\texmf\tex\latex\graphics\pdftex.def
File: pdftex.def 2002/06/19 v0.03k graphics/color for pdftex
\Gread@gobject=\count100
))
\Gin@req@height=\dimen112
\Gin@req@width=\dimen113
)
(c:\program files\texmf\tex\latex\graphics\epsfig.sty
Package: epsfig 1999/02/16 v1.7a (e)psfig emulation (SPQR)
\epsfxsize=\dimen114
\epsfysize=\dimen115
)
(c:\program files\texmf\tex\latex\rotating\rotating.sty
Package: rotating 1997/09/26 v2.13 Rotation package
\c@r@tfl@t=\count101
\rot@float@box=\box28
)
(c:\program files\texmf\tex\latex\fancyhdr\fancyhdr.sty
\fancy@headwidth=\skip44
\f@ncyO@elh=\skip45
\f@ncyO@erh=\skip46
\f@ncyO@olh=\skip47
\f@ncyO@orh=\skip48
\f@ncyO@elf=\skip49
\f@ncyO@erf=\skip50
\f@ncyO@olf=\skip51
\f@ncyO@orf=\skip52
)
(c:\program files\texmf\tex\latex\acronym\acronym.sty
Package: acronym 2004/11/10 v1.17 Support for acronyms (Tobias Oetiker)
\clearlist=\toks20
) (entire_document.aux
(dedication.aux) (acknowledgements.aux) (abstract.aux) (body.aux

LaTeX Warning: Label `gaussian' multiply defined.


LaTeX Warning: Label `decay' multiply defined.


LaTeX Warning: Label `dye_mileposts' multiply defined.

))
LaTeX Font Info:    Checking defaults for OML/cmm/m/it on input line 104.
LaTeX Font Info:    ... okay on input line 104.
LaTeX Font Info:    Checking defaults for T1/cmr/m/n on input line 104.
LaTeX Font Info:    ... okay on input line 104.
LaTeX Font Info:    Checking defaults for OT1/cmr/m/n on input line 104.
LaTeX Font Info:    ... okay on input line 104.
LaTeX Font Info:    Checking defaults for OMS/cmsy/m/n on input line 104.
LaTeX Font Info:    ... okay on input line 104.
LaTeX Font Info:    Checking defaults for OMX/cmex/m/n on input line 104.
LaTeX Font Info:    ... okay on input line 104.
LaTeX Font Info:    Checking defaults for U/cmr/m/n on input line 104.
LaTeX Font Info:    ... okay on input line 104.
 (c:\program files\texmf\tex\context\base\supp-pdf.tex
(c:\program files\texmf\tex\context\base\supp-mis.tex
loading : Context Support Macros / Miscellaneous (2004.10.26)
\protectiondepth=\count102
\scratchcounter=\count103
\scratchtoks=\toks21
\scratchdimen=\dimen116
\scratchskip=\skip53
\scratchmuskip=\muskip12
\scratchbox=\box29
\scratchread=\read1
\scratchwrite=\write3
\zeropoint=\dimen117
\onepoint=\dimen118
\onebasepoint=\dimen119
\minusone=\count104
\thousandpoint=\dimen120
\onerealpoint=\dimen121
\emptytoks=\toks22
\nextbox=\box30
\nextdepth=\dimen122
\everyline=\toks23
\!!counta=\count105
\!!countb=\count106
\recursecounter=\count107
)
loading : Context Support Macros / PDF (2004.03.26)
\nofMPsegments=\count108
\nofMParguments=\count109
\MPscratchCnt=\count110
\MPscratchDim=\dimen123
\MPnumerator=\count111
\everyMPtoPDFconversion=\toks24
) [1

{psfonts.map}] [2] [3] (dedication.tex [4

]) (acknowledgements.tex [5


]
[6] [7]) (abstract.tex [8


]) (entire_document.toc [9


] [10])
\tf@toc=\write4
 [11]
(entire_document.lof [12

] [13])
\tf@lof=\write5
 (acronyms.tex [14] [15

]) [16] (body.tex
Chapter 1.
(intro/intro.tex (intro/motivation/motivation.tex) (intro/LIDAR/LIDAR.tex)
(intro/control/control.tex) (intro/thesis/thesis.tex [1


])
(intro/contributions/contributions.tex [2])) [3]
Chapter 2.
(LIF_LIDAR/LIF_LIDAR.tex (LIF_LIDAR/intro/intro.tex
(figures/LIF_LIDAR/general_LIDAR/general_LIDAR.tex

Package pdftex.def Warning: Option `bb' does not make sense,
(pdftex.def)                using `viewport' instead on input line 11.


<figures/LIF_LIDAR/general_LIDAR/general_LIDAR.pdf, id=86, 794.97pt x 614.295pt
>
File: figures/LIF_LIDAR/general_LIDAR/general_LIDAR.pdf Graphic file (type pdf)

 <use figures/LIF_LIDAR/general_LIDAR/general_LIDAR.pdf>)) [4

]
(LIF_LIDAR/general/general.tex [5 <figures/LIF_LIDAR/general_LIDAR/general_LIDA
R.pdf, page is rotated 90 degrees>] [6]) (LIF_LIDAR/general/2_level.tex
Overfull \hbox (19.16309pt too wide) in paragraph at lines 13--18
\OT1/cmr/m/n/10.95 and real atoms this con-di-tion must be gen-er-al-ized to ac
-count for laser mode struc-ture/bandwidth
 []

[7]) [8] (LIF_LIDAR/general/random.tex (figures/LIF_LIDAR/dynamics/dynamics.tex

Package pdftex.def Warning: Option `bb' does not make sense,
(pdftex.def)                using `viewport' instead on input line 11.

<figures/LIF_LIDAR/dynamics/dynamics.pdf, id=122, 614.295pt x 794.97pt>
File: figures/LIF_LIDAR/dynamics/dynamics.pdf Graphic file (type pdf)

<use figures/LIF_LIDAR/dynamics/dynamics.pdf>)
(figures/LIF_LIDAR/extremum/extremum.tex

Package pdftex.def Warning: Option `bb' does not make sense,
(pdftex.def)                using `viewport' instead on input line 11.

<figures/LIF_LIDAR/extremum/extremum.pdf, id=123, 614.295pt x 794.97pt>
File: figures/LIF_LIDAR/extremum/extremum.pdf Graphic file (type pdf)

<use figures/LIF_LIDAR/extremum/extremum.pdf>) [9] [10 <figures/LIF_LIDAR/dynam
ics/dynamics.pdf> <figures/LIF_LIDAR/extremum/extremum.pdf>])
(LIF_LIDAR/general/doppler.tex [11]
(figures/LIF_LIDAR/doppler_only/doppler_only.tex

Package pdftex.def Warning: Option `bb' does not make sense,
(pdftex.def)                using `viewport' instead on input line 11.


<figures/LIF_LIDAR/doppler_only/doppler_only.pdf, id=146, 614.295pt x 794.97pt>
File: figures/LIF_LIDAR/doppler_only/doppler_only.pdf Graphic file (type pdf)
<use figures/LIF_LIDAR/doppler_only/doppler_only.pdf>)) [12 <figures/LIF_LIDAR/
doppler_only/doppler_only.pdf>] (LIF_LIDAR/geometries/phase-space.tex) [13]
(LIF_LIDAR/geometries/mono_res.tex (figures/LIF_LIDAR/near_GHz/near_GHz.tex

Package pdftex.def Warning: Option `bb' does not make sense,
(pdftex.def)                using `viewport' instead on input line 11.

<figures/LIF_LIDAR/near_GHz/near_GHz.pdf, id=157, 614.295pt x 794.97pt>
File: figures/LIF_LIDAR/near_GHz/near_GHz.pdf Graphic file (type pdf)

<use figures/LIF_LIDAR/near_GHz/near_GHz.pdf>)
(figures/LIF_LIDAR/near_cm/near_cm.tex

Package pdftex.def Warning: Option `bb' does not make sense,
(pdftex.def)                using `viewport' instead on input line 11.

<figures/LIF_LIDAR/near_cm/near_cm.pdf, id=158, 614.295pt x 794.97pt>
File: figures/LIF_LIDAR/near_cm/near_cm.pdf Graphic file (type pdf)

<use figures/LIF_LIDAR/near_cm/near_cm.pdf>)
(figures/LIF_LIDAR/far_THz/far_THz.tex

Package pdftex.def Warning: Option `bb' does not make sense,
(pdftex.def)                using `viewport' instead on input line 11.

<figures/LIF_LIDAR/far_THz/far_THz.pdf, id=159, 614.295pt x 794.97pt>
File: figures/LIF_LIDAR/far_THz/far_THz.pdf Graphic file (type pdf)

<use figures/LIF_LIDAR/far_THz/far_THz.pdf>)
(figures/LIF_LIDAR/far_cm/far_cm.tex

Package pdftex.def Warning: Option `bb' does not make sense,
(pdftex.def)                using `viewport' instead on input line 11.

<figures/LIF_LIDAR/far_cm/far_cm.pdf, id=160, 614.295pt x 794.97pt>
File: figures/LIF_LIDAR/far_cm/far_cm.pdf Graphic file (type pdf)

<use figures/LIF_LIDAR/far_cm/far_cm.pdf>) (figures/LIF_LIDAR/far_nm/far_nm.tex

Package pdftex.def Warning: Option `bb' does not make sense,
(pdftex.def)                using `viewport' instead on input line 11.

<figures/LIF_LIDAR/far_nm/far_nm.pdf, id=161, 614.295pt x 794.97pt>
File: figures/LIF_LIDAR/far_nm/far_nm.pdf Graphic file (type pdf)

<use figures/LIF_LIDAR/far_nm/far_nm.pdf>)) [14] [15 <figures/LIF_LIDAR/near_GH
z/near_GHz.pdf>] [16 <figures/LIF_LIDAR/near_cm/near_cm.pdf>] [17 <figures/LIF_
LIDAR/far_THz/far_THz.pdf>] [18 <figures/LIF_LIDAR/far_cm/far_cm.pdf>]
(LIF_LIDAR/geometries/velocity.tex
(figures/LIF_LIDAR/Boltzmann-Maxwell/Boltzmann-Maxwell.tex

Package pdftex.def Warning: Option `bb' does not make sense,
(pdftex.def)                using `viewport' instead on input line 11.


<figures/LIF_LIDAR/Boltzmann-Maxwell/Boltzmann-Maxwell.pdf, id=202, 614.295pt x
 794.97pt>
File: figures/LIF_LIDAR/Boltzmann-Maxwell/Boltzmann-Maxwell.pdf Graphic file (t
ype pdf)
 <use figures/LIF_LIDAR/Boltzmann-Maxwell/Boltzmann-Maxwell.pdf>))
(LIF_LIDAR/geometries/side_view.tex
(figures/LIF_LIDAR/side_view_figure/side_view_figure.tex

Package pdftex.def Warning: Option `bb' does not make sense,
(pdftex.def)                using `viewport' instead on input line 11.


<figures/LIF_LIDAR/side_view_figure/side_view_figure.pdf, id=203, 794.97pt x 61
4.295pt>
File: figures/LIF_LIDAR/side_view_figure/side_view_figure.pdf Graphic file (typ
e pdf)
 <use figures/LIF_LIDAR/side_view_figure/side_view_figure.pdf>)
(figures/LIF_LIDAR/side_view/side_view.tex

Package pdftex.def Warning: Option `bb' does not make sense,
(pdftex.def)                using `viewport' instead on input line 11.


Warning: pdflatex (file figures/LIF_LIDAR/side_view/side_view.pdf): pdf inclusi
on: found pdf version <1.5>, but at most version <1.4> allowed
<figures/LIF_LIDAR/side_view/side_view.pdf, id=204, 614.295pt x 794.97pt>
File: figures/LIF_LIDAR/side_view/side_view.pdf Graphic file (type pdf)

<use figures/LIF_LIDAR/side_view/side_view.pdf>) [19 <figures/LIF_LIDAR/far_nm/
far_nm.pdf>] [20 <figures/LIF_LIDAR/Boltzmann-Maxwell/Boltzmann-Maxwell.pdf>]
[21 <figures/LIF_LIDAR/side_view_figure/side_view_figure.pdf, page is rotated 9
0 degrees> <figures/LIF_LIDAR/side_view/side_view.pdf>]
(figures/LIF_LIDAR/thermal_2/thermal_2.tex

Package pdftex.def Warning: Option `bb' does not make sense,
(pdftex.def)                using `viewport' instead on input line 11.

<figures/LIF_LIDAR/thermal_2/thermal_2.pdf, id=304, 614.295pt x 794.97pt>
File: figures/LIF_LIDAR/thermal_2/thermal_2.pdf Graphic file (type pdf)

<use figures/LIF_LIDAR/thermal_2/thermal_2.pdf>
Overfull \hbox (5.84167pt too wide) in paragraph at lines 11--12
[][] 
 []

) (figures/LIF_LIDAR/thermal_200/thermal_200.tex

Package pdftex.def Warning: Option `bb' does not make sense,
(pdftex.def)                using `viewport' instead on input line 11.

<figures/LIF_LIDAR/thermal_200/thermal_200.pdf, id=305, 614.295pt x 794.97pt>
File: figures/LIF_LIDAR/thermal_200/thermal_200.pdf Graphic file (type pdf)

<use figures/LIF_LIDAR/thermal_200/thermal_200.pdf>
Overfull \hbox (5.84167pt too wide) in paragraph at lines 11--12
[][] 
 []

) [22 <figures/LIF_LIDAR/thermal_2/thermal_2.pdf>]) [23 <figures/LIF_LIDAR/ther
mal_200/thermal_200.pdf>] (LIF_LIDAR/geometries/back_scatter.tex
(figures/LIF_LIDAR/backscatter_figure/backscatter_figure.tex

Package pdftex.def Warning: Option `bb' does not make sense,
(pdftex.def)                using `viewport' instead on input line 11.


<figures/LIF_LIDAR/backscatter_figure/backscatter_figure.pdf, id=320, 794.97pt 
x 614.295pt>
File: figures/LIF_LIDAR/backscatter_figure/backscatter_figure.pdf Graphic file 
(type pdf)
 <use figures/LIF_LIDAR/backscatter_figure/backscatter_figure.pdf>) (figures/LI
F_LIDAR/back_number/back_number.tex

Package pdftex.def Warning: Option `bb' does not make sense,
(pdftex.def)                using `viewport' instead on input line 11.

<figures/LIF_LIDAR/back_number/back_number.pdf, id=321, 614.295pt x 794.97pt>
File: figures/LIF_LIDAR/back_number/back_number.pdf Graphic file (type pdf)

<use figures/LIF_LIDAR/back_number/back_number.pdf>) [24 <figures/LIF_LIDAR/bac
kscatter_figure/backscatter_figure.pdf, page is rotated 90 degrees>] [25 <figur
es/LIF_LIDAR/back_number/back_number.pdf>]
(figures/LIF_LIDAR/back_energy/back_energy.tex

Package pdftex.def Warning: Option `bb' does not make sense,
(pdftex.def)                using `viewport' instead on input line 11.

<figures/LIF_LIDAR/back_energy/back_energy.pdf, id=346, 614.295pt x 794.97pt>
File: figures/LIF_LIDAR/back_energy/back_energy.pdf Graphic file (type pdf)

<use figures/LIF_LIDAR/back_energy/back_energy.pdf>) [26 <figures/LIF_LIDAR/bac
k_energy/back_energy.pdf>]) (LIF_LIDAR/conclusion/conclusion.tex [27]))
[28]
Chapter 3.
(computer/computer.tex (computer/intro/intro.tex [29

])
(computer/one_color/formalism.tex
(figures/transfer/1_color_ladder/1_color_ladder.tex) [30])
(computer/one_color/optimization.tex
(figures/transfer/solution_1/solution_1.tex
<figures/transfer/solution_1/solution_1.png, id=372, 782.925pt x 473.77pt>
File: figures/transfer/solution_1/solution_1.png Graphic file (type png)

<use figures/transfer/solution_1/solution_1.png>)
(figures/transfer/big_solution_1/big_solution_1.tex
<figures/transfer/big_solution_1/big_solution_1.png, id=373, 782.925pt x 472.76
625pt>
File: figures/transfer/big_solution_1/big_solution_1.png Graphic file (type png
)
 <use figures/transfer/big_solution_1/big_solution_1.png>))
(computer/two_color/formalism.tex
(figures/transfer/2_color_ladder/2_color_ladder.tex) [31] [32 <figures/transfer
/solution_1/solution_1.png> <figures/transfer/big_solution_1/big_solution_1.png
>] (figures/transfer/2_pulses/2_pulses.tex
<figures/transfer/2_pulses/2_pulses.png, id=380, 680.5425pt x 271.0125pt>
File: figures/transfer/2_pulses/2_pulses.png Graphic file (type png)

<use figures/transfer/2_pulses/2_pulses.png>))
(computer/two_color/optimization.tex [33]
(figures/transfer/solution_2_pulses/solution_2_pulses.tex
<figures/transfer/solution_2_pulses/solution_2_pulses.png, id=385, 751.80875pt 
x 281.05pt>
File: figures/transfer/solution_2_pulses/solution_2_pulses.png Graphic file (ty
pe png)
 <use figures/transfer/solution_2_pulses/solution_2_pulses.png>)
(figures/transfer/solution_2_energy_levels/solution_2_energy_levels.tex
<figures/transfer/solution_2_energy_levels/solution_2_energy_levels.png, id=386
, 789.88057pt x 370.51099pt>
File: figures/transfer/solution_2_energy_levels/solution_2_energy_levels.png Gr
aphic file (type png)

<use figures/transfer/solution_2_energy_levels/solution_2_energy_levels.png>)
(figures/transfer/solution_2-stronger_energy_levels/solution_2-stronger_energy_
levels.tex
<figures/transfer/solution_2-stronger_energy_levels/solution_2-stronger_energy_
levels.png, id=387, 794.97pt x 368.37625pt>
File: figures/transfer/solution_2-stronger_energy_levels/solution_2-stronger_en
ergy_levels.png Graphic file (type png)

<use figures/transfer/solution_2-stronger_energy_levels/solution_2-stronger_ene
rgy_levels.png>)) (computer/two_color/residue_surface_features.tex
(figures/transfer/delay_amp/delay_amp.tex
<figures/transfer/delay_amp/delay_amp.png, id=388, 615.82184pt x 509.96155pt>
File: figures/transfer/delay_amp/delay_amp.png Graphic file (type png)

<use figures/transfer/delay_amp/delay_amp.png>)
(figures/transfer/amp_amp/amp_amp.tex
<figures/transfer/amp_amp/amp_amp.png, id=389, 617.30624pt x 493.845pt>
File: figures/transfer/amp_amp/amp_amp.png Graphic file (type png)

<use figures/transfer/amp_amp/amp_amp.png>)) [34 <figures/transfer/2_pulses/2_p
ulses.png>] [35 <figures/transfer/solution_2_pulses/solution_2_pulses.png> <fig
ures/transfer/solution_2_energy_levels/solution_2_energy_levels.png>]
(computer/three_color/formalism.tex
(figures/transfer/3_color_ladder/3_color_ladder.tex) [36 <figures/transfer/solu
tion_2-stronger_energy_levels/solution_2-stronger_energy_levels.png>] [37 <figu
res/transfer/delay_amp/delay_amp.png>] (figures/transfer/3_pulses/3_pulses.tex
<figures/transfer/3_pulses/3_pulses.png, id=402, 565.94536pt x 199.50592pt>
File: figures/transfer/3_pulses/3_pulses.png Graphic file (type png)

<use figures/transfer/3_pulses/3_pulses.png>))
(computer/three_color/optimization.tex
(figures/transfer/solution_3_pulses/solution_3_pulses.tex
<figures/transfer/solution_3_pulses/solution_3_pulses.png, id=403, 677.53125pt 
x 281.05pt>
File: figures/transfer/solution_3_pulses/solution_3_pulses.png Graphic file (ty
pe png)
 <use figures/transfer/solution_3_pulses/solution_3_pulses.png>)
[38 <figures/transfer/amp_amp/amp_amp.png>] [39 <figures/transfer/3_pulses/3_pu
lses.png>]
(figures/transfer/solution_3_energy_levels/solution_3_energy_levels.tex
<figures/transfer/solution_3_energy_levels/solution_3_energy_levels.png, id=411
, 794.97pt x 469.755pt>
File: figures/transfer/solution_3_energy_levels/solution_3_energy_levels.png Gr
aphic file (type png)

<use figures/transfer/solution_3_energy_levels/solution_3_energy_levels.png>)
(figures/transfer/big_solution_3_energy_levels/big_solution_3_energy_levels.tex

<figures/transfer/big_solution_3_energy_levels/big_solution_3_energy_levels.png
, id=412, 794.97pt x 469.755pt>
File: figures/transfer/big_solution_3_energy_levels/big_solution_3_energy_level
s.png Graphic file (type png)

<use figures/transfer/big_solution_3_energy_levels/big_solution_3_energy_levels
.png>)) (computer/stochastic_simulations/three_pi.tex
(figures/transfer/three_pi/three_pi.tex
<figures/transfer/three_pi/three_pi.png, id=413, 753.81625pt x 214.8025pt>
File: figures/transfer/three_pi/three_pi.png Graphic file (type png)

<use figures/transfer/three_pi/three_pi.png>
Underfull \hbox (badness 10000) in paragraph at lines 6--7

 []

)) [40 <figures/transfer/solution_3_pulses/solution_3_pulses.png>] [41 <figures
/transfer/solution_3_energy_levels/solution_3_energy_levels.png> <figures/trans
fer/big_solution_3_energy_levels/big_solution_3_energy_levels.png>]
(computer/stochastic_simulations/STIRAP_pi.tex
(figures/transfer/STIRAP_pi/STIRAP_pi.tex
<figures/transfer/STIRAP_pi/STIRAP_pi.png, id=420, 761.84625pt x 217.81375pt>
File: figures/transfer/STIRAP_pi/STIRAP_pi.png Graphic file (type png)

<use figures/transfer/STIRAP_pi/STIRAP_pi.png>
Underfull \hbox (badness 10000) in paragraph at lines 6--7

 []

)) (computer/stochastic_simulations/three_STIRAP.tex
(figures/transfer/three_STIRAP/three_STIRAP.tex
<figures/transfer/three_STIRAP/three_STIRAP.png, id=421, 753.81625pt x 216.81pt
>
File: figures/transfer/three_STIRAP/three_STIRAP.png Graphic file (type png)
 <use figures/transfer/three_STIRAP/three_STIRAP.png>
Underfull \hbox (badness 10000) in paragraph at lines 6--7

 []

)) [42 <figures/transfer/three_pi/three_pi.png>]
(computer/stochastic_simulations/histogram.tex
(figures/transfer/histogram/histogram.tex
<figures/transfer/histogram/histogram.png, id=428, 682.55pt x 419.5675pt>
File: figures/transfer/histogram/histogram.png Graphic file (type png)

<use figures/transfer/histogram/histogram.png>
Underfull \hbox (badness 10000) in paragraph at lines 7--8

 []

)) [43 <figures/transfer/STIRAP_pi/STIRAP_pi.png>] [44 <figures/transfer/three_
STIRAP/three_STIRAP.png> <figures/transfer/histogram/histogram.png>]
(computer/density/model.tex (figures/transfer/clean/clean.tex

Package pdftex.def Warning: Option `bb' does not make sense,
(pdftex.def)                using `viewport' instead on input line 11.

<figures/transfer/clean/clean.pdf, id=435, 614.295pt x 794.97pt>
File: figures/transfer/clean/clean.pdf Graphic file (type pdf)

<use figures/transfer/clean/clean.pdf>) (figures/transfer/coll_1/coll_1.tex

Package pdftex.def Warning: Option `bb' does not make sense,
(pdftex.def)                using `viewport' instead on input line 11.

<figures/transfer/coll_1/coll_1.pdf, id=436, 614.295pt x 794.97pt>
File: figures/transfer/coll_1/coll_1.pdf Graphic file (type pdf)

<use figures/transfer/coll_1/coll_1.pdf>) (figures/transfer/coll_2/coll_2.tex

Package pdftex.def Warning: Option `bb' does not make sense,
(pdftex.def)                using `viewport' instead on input line 11.

<figures/transfer/coll_2/coll_2.pdf, id=437, 614.295pt x 794.97pt>
File: figures/transfer/coll_2/coll_2.pdf Graphic file (type pdf)

<use figures/transfer/coll_2/coll_2.pdf>)) [45 <figures/transfer/clean/clean.pd
f>] (computer/density/density.tex [46 <figures/transfer/coll_1/coll_1.pdf>]
[47 <figures/transfer/coll_2/coll_2.pdf>] [48]) (computer/density/fit.tex
[49] (figures/transfer/average/average.tex

Package pdftex.def Warning: Option `bb' does not make sense,
(pdftex.def)                using `viewport' instead on input line 11.

<figures/transfer/average/average.pdf, id=466, 614.295pt x 794.97pt>
File: figures/transfer/average/average.pdf Graphic file (type pdf)

<use figures/transfer/average/average.pdf>) [50] [51 <figures/transfer/average/
average.pdf>]) (computer/conclusion/conclusion.tex [52])) [53]
Chapter 4.
(multi_color/multi.tex (multi_color/intro/intro.tex [54

])
(multi_color/iodine/iodine.tex [55] (figures/multi_color/fluence/fluence.tex

Package pdftex.def Warning: Option `bb' does not make sense,
(pdftex.def)                using `viewport' instead on input line 11.

<figures/multi_color/fluence/fluence.pdf, id=490, 614.295pt x 794.97pt>
File: figures/multi_color/fluence/fluence.pdf Graphic file (type pdf)

<use figures/multi_color/fluence/fluence.pdf>)) (multi_color/iodine/levels.tex
[56 <figures/multi_color/fluence/fluence.pdf>])
(multi_color/multi_color/tail.tex [57]) (multi_color/multi_color/approx.tex
(figures/multi_color/pathways_single/pathways_single.tex

Package pdftex.def Warning: Option `bb' does not make sense,
(pdftex.def)                using `viewport' instead on input line 11.


<figures/multi_color/pathways_single/pathways_single.pdf, id=502, 794.97pt x 61
4.295pt>
File: figures/multi_color/pathways_single/pathways_single.pdf Graphic file (typ
e pdf)
 <use figures/multi_color/pathways_single/pathways_single.pdf>)
(figures/multi_color/pathways_N/pathways_N.tex

Package pdftex.def Warning: Option `bb' does not make sense,
(pdftex.def)                using `viewport' instead on input line 11.

<figures/multi_color/pathways_N/pathways_N.pdf, id=503, 794.97pt x 614.295pt>
File: figures/multi_color/pathways_N/pathways_N.pdf Graphic file (type pdf)

<use figures/multi_color/pathways_N/pathways_N.pdf>) [58] [59 <figures/multi_co
lor/pathways_single/pathways_single.pdf, page is rotated 90 degrees> <figures/m
ulti_color/pathways_N/pathways_N.pdf, page is rotated 90 degrees>])
(multi_color/multi_color/compare.tex
(figures/multi_color/non-target_1/non-target_1.tex

Package pdftex.def Warning: Option `bb' does not make sense,
(pdftex.def)                using `viewport' instead on input line 11.


<figures/multi_color/non-target_1/non-target_1.pdf, id=522, 614.295pt x 794.97p
t>
File: figures/multi_color/non-target_1/non-target_1.pdf Graphic file (type pdf)

 <use figures/multi_color/non-target_1/non-target_1.pdf>) [60]
(figures/multi_color/target_1/target_1.tex

Package pdftex.def Warning: Option `bb' does not make sense,
(pdftex.def)                using `viewport' instead on input line 11.

<figures/multi_color/target_1/target_1.pdf, id=526, 614.295pt x 794.97pt>
File: figures/multi_color/target_1/target_1.pdf Graphic file (type pdf)

<use figures/multi_color/target_1/target_1.pdf>)
(figures/multi_color/target_3/target_3.tex

Package pdftex.def Warning: Option `bb' does not make sense,
(pdftex.def)                using `viewport' instead on input line 11.

<figures/multi_color/target_3/target_3.pdf, id=527, 614.295pt x 794.97pt>
File: figures/multi_color/target_3/target_3.pdf Graphic file (type pdf)

<use figures/multi_color/target_3/target_3.pdf>))
(multi_color/coherent/amplitude.tex
(figures/multi_color/amp_surface/amp_surface.tex

Package pdftex.def Warning: Option `bb' does not make sense,
(pdftex.def)                using `viewport' instead on input line 11.


Warning: pdflatex (file figures/multi_color/amp_surface/amp_surface.pdf): pdf i
nclusion: found pdf version <1.5>, but at most version <1.4> allowed

<figures/multi_color/amp_surface/amp_surface.pdf, id=528, 614.295pt x 794.97pt>
File: figures/multi_color/amp_surface/amp_surface.pdf Graphic file (type pdf)
<use figures/multi_color/amp_surface/amp_surface.pdf>
Overfull \hbox (79.56998pt too wide) in paragraph at lines 11--12
[][] 
 []

[61 <figures/multi_color/non-target_1/non-target_1.pdf>] [62 <figures/multi_col
or/target_1/target_1.pdf> <figures/multi_color/target_3/target_3.pdf>])
(figures/multi_color/scale_two-color/scale_two-color.tex

Package pdftex.def Warning: Option `bb' does not make sense,
(pdftex.def)                using `viewport' instead on input line 11.


<figures/multi_color/scale_two-color/scale_two-color.pdf, id=553, 614.295pt x 7
94.97pt>
File: figures/multi_color/scale_two-color/scale_two-color.pdf Graphic file (typ
e pdf)
 <use figures/multi_color/scale_two-color/scale_two-color.pdf>)
(figures/multi_color/scale_three-color/scale_three-color.tex

Package pdftex.def Warning: Option `bb' does not make sense,
(pdftex.def)                using `viewport' instead on input line 11.


<figures/multi_color/scale_three-color/scale_three-color.pdf, id=554, 614.295pt
 x 794.97pt>
File: figures/multi_color/scale_three-color/scale_three-color.pdf Graphic file 
(type pdf)
 <use figures/multi_color/scale_three-color/scale_three-color.pdf>)) (multi_col
or/coherent/polarization.tex
(figures/multi_color/polarization/polarization.tex

Package pdftex.def Warning: Option `bb' does not make sense,
(pdftex.def)                using `viewport' instead on input line 11.


<figures/multi_color/polarization/polarization.pdf, id=555, 614.295pt x 794.97p
t>
File: figures/multi_color/polarization/polarization.pdf Graphic file (type pdf)

 <use figures/multi_color/polarization/polarization.pdf>))
(multi_color/coherent/spatial.tex (figures/multi_color/gaussian/gaussian.tex

Package pdftex.def Warning: Option `bb' does not make sense,
(pdftex.def)                using `viewport' instead on input line 11.

<figures/multi_color/gaussian/gaussian.pdf, id=556, 614.295pt x 794.97pt>
File: figures/multi_color/gaussian/gaussian.pdf Graphic file (type pdf)

<use figures/multi_color/gaussian/gaussian.pdf>)) [63 <figures/multi_color/amp_
surface/amp_surface.pdf>] [64 <figures/multi_color/scale_two-color/scale_two-co
lor.pdf>] [65 <figures/multi_color/scale_three-color/scale_three-color.pdf>]
[66 <figures/multi_color/polarization/polarization.pdf>]
(multi_color/coherent/STIRAP_ridge.tex (figures/multi_color/ridge/ridge.tex
<figures/multi_color/ridge/ridge.png, id=607, 1199.88pt x 1060.29pt>
File: figures/multi_color/ridge/ridge.png Graphic file (type png)

<use figures/multi_color/ridge/ridge.png>)
(figures/multi_color/ridge_fit/ridge_fit.tex

Package pdftex.def Warning: Option `bb' does not make sense,
(pdftex.def)                using `viewport' instead on input line 11.


Warning: pdflatex (file figures/multi_color/ridge_fit/ridge_fit.pdf): pdf inclu
sion: found pdf version <1.5>, but at most version <1.4> allowed
<figures/multi_color/ridge_fit/ridge_fit.pdf, id=608, 614.295pt x 794.97pt>
File: figures/multi_color/ridge_fit/ridge_fit.pdf Graphic file (type pdf)

<use figures/multi_color/ridge_fit/ridge_fit.pdf>)
(figures/multi_color/sp_detuning/sp_detuning.tex

Package pdftex.def Warning: Option `bb' does not make sense,
(pdftex.def)                using `viewport' instead on input line 11.


<figures/multi_color/sp_detuning/sp_detuning.pdf, id=609, 794.97pt x 614.295pt>
File: figures/multi_color/sp_detuning/sp_detuning.pdf Graphic file (type pdf)
<use figures/multi_color/sp_detuning/sp_detuning.pdf>) [67 <figures/multi_color
/gaussian/gaussian.pdf>] [68 <figures/multi_color/ridge/ridge.png> <figures/mul
ti_color/ridge_fit/ridge_fit.pdf>] (figures/multi_color/PI_79/PI_79.tex

Package pdftex.def Warning: Option `bb' does not make sense,
(pdftex.def)                using `viewport' instead on input line 11.

<figures/multi_color/PI_79/PI_79.pdf, id=635, 614.295pt x 794.97pt>
File: figures/multi_color/PI_79/PI_79.pdf Graphic file (type pdf)

<use figures/multi_color/PI_79/PI_79.pdf>) (figures/multi_color/PI_77/PI_77.tex

Package pdftex.def Warning: Option `bb' does not make sense,
(pdftex.def)                using `viewport' instead on input line 11.

<figures/multi_color/PI_77/PI_77.pdf, id=636, 614.295pt x 794.97pt>
File: figures/multi_color/PI_77/PI_77.pdf Graphic file (type pdf)

<use figures/multi_color/PI_77/PI_77.pdf>)
(figures/multi_color/STIRAP_79/STIRAP_79.tex

Package pdftex.def Warning: Option `bb' does not make sense,
(pdftex.def)                using `viewport' instead on input line 11.

<figures/multi_color/STIRAP_79/STIRAP_79.pdf, id=637, 614.295pt x 794.97pt>
File: figures/multi_color/STIRAP_79/STIRAP_79.pdf Graphic file (type pdf)

<use figures/multi_color/STIRAP_79/STIRAP_79.pdf>)
(figures/multi_color/STIRAP_77/STIRAP_77.tex

Package pdftex.def Warning: Option `bb' does not make sense,
(pdftex.def)                using `viewport' instead on input line 11.

<figures/multi_color/STIRAP_77/STIRAP_77.pdf, id=638, 614.295pt x 794.97pt>
File: figures/multi_color/STIRAP_77/STIRAP_77.pdf Graphic file (type pdf)

<use figures/multi_color/STIRAP_77/STIRAP_77.pdf>)) [69 <figures/multi_color/sp
_detuning/sp_detuning.pdf, page is rotated 90 degrees>] [70 <figures/multi_colo
r/PI_79/PI_79.pdf> <figures/multi_color/PI_77/PI_77.pdf>]
(multi_color/conclusion/conclusion.tex)) [71 <figures/multi_color/STIRAP_79/STI
RAP_79.pdf>] [72 <figures/multi_color/STIRAP_77/STIRAP_77.pdf>]
Chapter 5.
(experiments/experiments.tex (experiments/intro/intro.tex) [73

]
(experiments/preliminary/LED.tex (figures/experiments/redLED/redLED.tex

Package pdftex.def Warning: Option `bb' does not make sense,
(pdftex.def)                using `viewport' instead on input line 11.

<figures/experiments/redLED/redLED.pdf, id=685, 614.295pt x 794.97pt>
File: figures/experiments/redLED/redLED.pdf Graphic file (type pdf)

<use figures/experiments/redLED/redLED.pdf>)
(figures/experiments/yellowLED/yellowLED.tex

Package pdftex.def Warning: Option `bb' does not make sense,
(pdftex.def)                using `viewport' instead on input line 11.

<figures/experiments/yellowLED/yellowLED.pdf, id=686, 614.295pt x 794.97pt>
File: figures/experiments/yellowLED/yellowLED.pdf Graphic file (type pdf)

<use figures/experiments/yellowLED/yellowLED.pdf>)
(figures/experiments/greenLED/greenLED.tex

Package pdftex.def Warning: Option `bb' does not make sense,
(pdftex.def)                using `viewport' instead on input line 11.

<figures/experiments/greenLED/greenLED.pdf, id=687, 614.295pt x 794.97pt>
File: figures/experiments/greenLED/greenLED.pdf Graphic file (type pdf)

<use figures/experiments/greenLED/greenLED.pdf>) [74 <figures/experiments/redLE
D/redLED.pdf>] [75 <figures/experiments/yellowLED/yellowLED.pdf> <figures/exper
iments/greenLED/greenLED.pdf>]) (experiments/preliminary/Hg_fast-PD.tex)
(experiments/preliminary/red-green-HeNe_LIF.tex
(figures/experiments/iodine_potato/iodine_potato.tex

Package pdftex.def Warning: Option `bb' does not make sense,
(pdftex.def)                using `viewport' instead on input line 11.


<figures/experiments/iodine_potato/iodine_potato.pdf, id=713, 614.295pt x 794.9
7pt>
File: figures/experiments/iodine_potato/iodine_potato.pdf Graphic file (type pd
f)
 <use figures/experiments/iodine_potato/iodine_potato.pdf>)
(figures/experiments/iodine_clean/iodine_clean.tex

Package pdftex.def Warning: Option `bb' does not make sense,
(pdftex.def)                using `viewport' instead on input line 11.


<figures/experiments/iodine_clean/iodine_clean.pdf, id=714, 614.295pt x 794.97p
t>
File: figures/experiments/iodine_clean/iodine_clean.pdf Graphic file (type pdf)

 <use figures/experiments/iodine_clean/iodine_clean.pdf>) [76]) [77 <figures/ex
periments/iodine_potato/iodine_potato.pdf>]
(experiments/absorption/layout.tex) (experiments/absorption/data.tex
(figures/experiments/absorption/absorption.tex

Package pdftex.def Warning: Option `bb' does not make sense,
(pdftex.def)                using `viewport' instead on input line 11.

<figures/experiments/absorption/absorption.pdf, id=727, 614.295pt x 794.97pt>
File: figures/experiments/absorption/absorption.pdf Graphic file (type pdf)

<use figures/experiments/absorption/absorption.pdf>) [78 <figures/experiments/i
odine_clean/iodine_clean.pdf>]) (experiments/sample/layout.tex) [79 <figures/ex
periments/absorption/absorption.pdf>] (experiments/sample/data.tex
(figures/experiments/baked_potato/baked_potato.tex

Package pdftex.def Warning: Option `bb' does not make sense,
(pdftex.def)                using `viewport' instead on input line 11.


<figures/experiments/baked_potato/baked_potato.pdf, id=746, 614.295pt x 794.97p
t>
File: figures/experiments/baked_potato/baked_potato.pdf Graphic file (type pdf)

 <use figures/experiments/baked_potato/baked_potato.pdf>)) [80 <figures/experim
ents/baked_potato/baked_potato.pdf>] (experiments/transition/layout.tex)
(experiments/transition/data.tex (figures/experiments/fl_4/fl_4.tex

Package pdftex.def Warning: Option `bb' does not make sense,
(pdftex.def)                using `viewport' instead on input line 11.

<figures/experiments/fl_4/fl_4.pdf, id=756, 614.295pt x 794.97pt>
File: figures/experiments/fl_4/fl_4.pdf Graphic file (type pdf)

<use figures/experiments/fl_4/fl_4.pdf>) (figures/experiments/fl_5/fl_5.tex

Package pdftex.def Warning: Option `bb' does not make sense,
(pdftex.def)                using `viewport' instead on input line 11.

<figures/experiments/fl_5/fl_5.pdf, id=757, 614.295pt x 794.97pt>
File: figures/experiments/fl_5/fl_5.pdf Graphic file (type pdf)

<use figures/experiments/fl_5/fl_5.pdf>) [81 <figures/experiments/fl_4/fl_4.pdf
>]) [82 <figures/experiments/fl_5/fl_5.pdf>] (experiments/decay/integration.tex
) (experiments/decay/data.tex (figures/experiments/decay/decay.tex

Package pdftex.def Warning: Option `bb' does not make sense,
(pdftex.def)                using `viewport' instead on input line 11.

<figures/experiments/decay/decay.pdf, id=777, 614.295pt x 794.97pt>
File: figures/experiments/decay/decay.pdf Graphic file (type pdf)

<use figures/experiments/decay/decay.pdf>)) (experiments/decay/decay.tex)
[83 <figures/experiments/decay/decay.pdf>] (experiments/decay/layout.tex)
(experiments/aeromatic/data.tex
(figures/experiments/355_anthracene/355_anthracene.tex

Package pdftex.def Warning: Option `bb' does not make sense,
(pdftex.def)                using `viewport' instead on input line 11.


<figures/experiments/355_anthracene/355_anthracene.pdf, id=787, 614.295pt x 794
.97pt>
File: figures/experiments/355_anthracene/355_anthracene.pdf Graphic file (type 
pdf)
 <use figures/experiments/355_anthracene/355_anthracene.pdf>)
(figures/experiments/1064_ghosts/1064_ghosts.tex

Package pdftex.def Warning: Option `bb' does not make sense,
(pdftex.def)                using `viewport' instead on input line 11.


<figures/experiments/1064_ghosts/1064_ghosts.pdf, id=788, 614.295pt x 794.97pt>
File: figures/experiments/1064_ghosts/1064_ghosts.pdf Graphic file (type pdf)
<use figures/experiments/1064_ghosts/1064_ghosts.pdf>)) [84] [85 <figures/exper
iments/355_anthracene/355_anthracene.pdf> <figures/experiments/1064_ghosts/1064
_ghosts.pdf>] (experiments/conclusion/conclusion.tex)) [86]
Chapter 6.
(diagnostics/diagnostics.tex (diagnostics/intro/intro.tex)
(diagnostics/transverse/layout.tex) [87

] (diagnostics/transverse/M_squared.tex
[88] (figures/diagnostics/M_squared/M_squared.tex
<figures/diagnostics/M_squared/M_squared.png, id=822, 480.79625pt x 311.1625pt>
File: figures/diagnostics/M_squared/M_squared.png Graphic file (type png)
<use figures/diagnostics/M_squared/M_squared.png>))
(diagnostics/transverse/Hermite-Gauss_modes.tex
(figures/diagnostics/spiricon/spiricon.tex
<figures/diagnostics/spiricon/spiricon.png, id=823, 237.6pt x 79.2pt>
File: figures/diagnostics/spiricon/spiricon.png Graphic file (type png)

<use figures/diagnostics/spiricon/spiricon.png>
Underfull \hbox (badness 10000) in paragraph at lines 6--7

 []

) [89 <figures/diagnostics/M_squared/M_squared.png>] [90 <figures/diagnostics/s
piricon/spiricon.png>] (figures/diagnostics/hermite-gauss/hermite-gauss.tex
<figures/diagnostics/hermite-gauss/hermite-gauss.png, id=832, 1574.88374pt x 47
8.78876pt>
File: figures/diagnostics/hermite-gauss/hermite-gauss.png Graphic file (type pn
g)
 <use figures/diagnostics/hermite-gauss/hermite-gauss.png>
Underfull \hbox (badness 10000) in paragraph at lines 6--7

 []

)) (diagnostics/axial/theory.tex [91 <figures/diagnostics/hermite-gauss/hermite
-gauss.png>]) (diagnostics/axial/dye-laser.tex)
(diagnostics/axial/photodiode.tex [92]) (diagnostics/axial/RF-receiver.tex)
(diagnostics/axial/boxcar.tex (figures/diagnostics/gate/gate.tex
<figures/diagnostics/gate/gate.png, id=839, 979.66pt x 796.9775pt>
File: figures/diagnostics/gate/gate.png Graphic file (type png)

<use figures/diagnostics/gate/gate.png>) [93])
(diagnostics/axial/calibration.tex
(figures/diagnostics/PD_cal_block/PD_cal_block.tex

Package pdftex.def Warning: Option `bb' does not make sense,
(pdftex.def)                using `viewport' instead on input line 11.


<figures/diagnostics/PD_cal_block/PD_cal_block.pdf, id=844, 722.7pt x 542.025pt
>
File: figures/diagnostics/PD_cal_block/PD_cal_block.pdf Graphic file (type pdf)

 <use figures/diagnostics/PD_cal_block/PD_cal_block.pdf>) [94 <figures/diagnost
ics/gate/gate.png>] (figures/diagnostics/PD_fit/PD_fit.tex

Package pdftex.def Warning: Option `bb' does not make sense,
(pdftex.def)                using `viewport' instead on input line 11.

<figures/diagnostics/PD_fit/PD_fit.pdf, id=849, 794.97pt x 614.295pt>
File: figures/diagnostics/PD_fit/PD_fit.pdf Graphic file (type pdf)

<use figures/diagnostics/PD_fit/PD_fit.pdf>) [95 <figures/diagnostics/PD_cal_bl
ock/PD_cal_block.pdf, page is rotated 90 degrees>])
(diagnostics/axial/layout.tex (figures/diagnostics/block/block.tex

Package pdftex.def Warning: Option `bb' does not make sense,
(pdftex.def)                using `viewport' instead on input line 8.

<figures/diagnostics/block/block.pdf, id=862, 722.7pt x 542.025pt>
File: figures/diagnostics/block/block.pdf Graphic file (type pdf)

<use figures/diagnostics/block/block.pdf>) [96 <figures/diagnostics/PD_fit/PD_f
it.pdf, page is rotated 90 degrees>] (figures/diagnostics/highpass/highpass.tex
<figures/diagnostics/highpass/highpass.png, id=875, 760.8425pt x 598.235pt>
File: figures/diagnostics/highpass/highpass.png Graphic file (type png)

<use figures/diagnostics/highpass/highpass.png>)
(figures/diagnostics/filter/filter.tex
<figures/diagnostics/filter/filter.png, id=876, 194.6472pt x 298.716pt>
File: figures/diagnostics/filter/filter.png Graphic file (type png)

<use figures/diagnostics/filter/filter.png>)) [97 <figures/diagnostics/block/bl
ock.pdf, page is rotated 90 degrees>] (diagnostics/axial/data-acquisition.tex
[98 <figures/diagnostics/highpass/highpass.png>] [99 <figures/diagnostics/filte
r/filter.png>]) (diagnostics/axial/data-analysis.tex
(figures/diagnostics/22-12/22-12.tex

Package pdftex.def Warning: Option `bb' does not make sense,
(pdftex.def)                using `viewport' instead on input line 11.

<figures/diagnostics/22-12/22-12.pdf, id=895, 794.97pt x 614.295pt>
File: figures/diagnostics/22-12/22-12.pdf Graphic file (type pdf)

<use figures/diagnostics/22-12/22-12.pdf>) (figures/diagnostics/22-14/22-14.tex

Package pdftex.def Warning: Option `bb' does not make sense,
(pdftex.def)                using `viewport' instead on input line 11.

<figures/diagnostics/22-14/22-14.pdf, id=896, 794.97pt x 614.295pt>
File: figures/diagnostics/22-14/22-14.pdf Graphic file (type pdf)

<use figures/diagnostics/22-14/22-14.pdf>) (figures/diagnostics/23-12/23-12.tex

Package pdftex.def Warning: Option `bb' does not make sense,
(pdftex.def)                using `viewport' instead on input line 11.

<figures/diagnostics/23-12/23-12.pdf, id=897, 794.97pt x 614.295pt>
File: figures/diagnostics/23-12/23-12.pdf Graphic file (type pdf)

<use figures/diagnostics/23-12/23-12.pdf>) (figures/diagnostics/23-14/23-14.tex

Package pdftex.def Warning: Option `bb' does not make sense,
(pdftex.def)                using `viewport' instead on input line 11.

<figures/diagnostics/23-14/23-14.pdf, id=898, 794.97pt x 614.295pt>
File: figures/diagnostics/23-14/23-14.pdf Graphic file (type pdf)

<use figures/diagnostics/23-14/23-14.pdf>) (figures/diagnostics/2X-12/2X-12.tex

Package pdftex.def Warning: Option `bb' does not make sense,
(pdftex.def)                using `viewport' instead on input line 11.

<figures/diagnostics/2X-12/2X-12.pdf, id=899, 794.97pt x 614.295pt>
File: figures/diagnostics/2X-12/2X-12.pdf Graphic file (type pdf)

<use figures/diagnostics/2X-12/2X-12.pdf>) (figures/diagnostics/2X-14/2X-14.tex

Package pdftex.def Warning: Option `bb' does not make sense,
(pdftex.def)                using `viewport' instead on input line 11.

<figures/diagnostics/2X-14/2X-14.pdf, id=900, 794.97pt x 614.295pt>
File: figures/diagnostics/2X-14/2X-14.pdf Graphic file (type pdf)

<use figures/diagnostics/2X-14/2X-14.pdf>)
(figures/diagnostics/23-12-seederX/23-12-seederX.tex

Package pdftex.def Warning: Option `bb' does not make sense,
(pdftex.def)                using `viewport' instead on input line 11.


<figures/diagnostics/23-12-seederX/23-12-seederX.pdf, id=901, 794.97pt x 614.29
5pt>
File: figures/diagnostics/23-12-seederX/23-12-seederX.pdf Graphic file (type pd
f)
 <use figures/diagnostics/23-12-seederX/23-12-seederX.pdf>)
(figures/diagnostics/fit/fit.tex

Package pdftex.def Warning: Option `bb' does not make sense,
(pdftex.def)                using `viewport' instead on input line 11.

<figures/diagnostics/fit/fit.pdf, id=902, 794.97pt x 614.295pt>
File: figures/diagnostics/fit/fit.pdf Graphic file (type pdf)

<use figures/diagnostics/fit/fit.pdf>)) (diagnostics/conclusion/conclusion.tex
[100] [101 <figures/diagnostics/22-12/22-12.pdf, page is rotated 90 degrees> <f
igures/diagnostics/22-14/22-14.pdf, page is rotated 90 degrees>] [102 <figures/
diagnostics/23-12/23-12.pdf, page is rotated 90 degrees> <figures/diagnostics/2
3-14/23-14.pdf, page is rotated 90 degrees>] [103 <figures/diagnostics/2X-12/2X
-12.pdf, page is rotated 90 degrees> <figures/diagnostics/2X-14/2X-14.pdf, page
 is rotated 90 degrees>] [104 <figures/diagnostics/fit/fit.pdf, page is rotated
 90 degrees> <figures/diagnostics/23-12-seederX/23-12-seederX.pdf, page is rota
ted 90 degrees>])) [105]
Chapter 7.
(system/system.tex (system/general/single_dye.tex
(figures/system/block_dye/block_dye.tex
<figures/system/block_dye/block_dye.png, id=980, 913.52528pt x 262.68927pt>
File: figures/system/block_dye/block_dye.png Graphic file (type png)

<use figures/system/block_dye/block_dye.png> [106

])) [107 <figures/system/block_dye/block_dye.png>] (system/general/three_pulse.
tex
(figures/system/block_three_dye/block_three_dye.tex
<figures/system/block_three_dye/block_three_dye.png, id=987, 710.85246pt x 306.
61436pt>
File: figures/system/block_three_dye/block_three_dye.png Graphic file (type png
)
 <use figures/system/block_three_dye/block_three_dye.png>))
(system/general/daq.tex [108 <figures/system/block_three_dye/block_three_dye.pn
g>] (figures/system/block_fluorescence/block_fluorescence.tex
<figures/system/block_fluorescence/block_fluorescence.png, id=991, 961.22661pt 
x 107.87099pt>
File: figures/system/block_fluorescence/block_fluorescence.png Graphic file (ty
pe png)
 <use figures/system/block_fluorescence/block_fluorescence.png>)) (system/layou
t/dye_table.tex
(figures/system/laser_positions/laser_positions.tex
<figures/system/laser_positions/laser_positions.png, id=992, 712.0197pt x 423.2
9572pt>
File: figures/system/laser_positions/laser_positions.png Graphic file (type png
)
 <use figures/system/laser_positions/laser_positions.png>
Adding sideways figure on  right hand page [109 <figures/system/block_fluoresce
nce/block_fluorescence.png>]) (figures/system/YAG_positions/YAG_positions.tex
<figures/system/YAG_positions/YAG_positions.png, id=996, 712.0197pt x 410.12335
pt>
File: figures/system/YAG_positions/YAG_positions.png Graphic file (type png)
 <use figures/system/YAG_positions/YAG_positions.png>
Adding sideways figure on  right hand page)
(figures/system/dye_positions/dye_positions.tex
<figures/system/dye_positions/dye_positions.png, id=997, 712.0197pt x 436.46808
pt>
File: figures/system/dye_positions/dye_positions.png Graphic file (type png)
 <use figures/system/dye_positions/dye_positions.png>
Adding sideways figure on  right hand page)
(figures/system/dye_mileposts/dye_mileposts.tex
<figures/system/dye_mileposts/dye_mileposts.png, id=998, 712.0197pt x 452.1325p
t>
File: figures/system/dye_mileposts/dye_mileposts.png Graphic file (type png)
 <use figures/system/dye_mileposts/dye_mileposts.png>
Adding sideways figure on  right hand page)) (system/layout/cond_table.tex
(figures/system/conditioning_table/conditioning_table.tex
<figures/system/conditioning_table/conditioning_table.png, id=999, 569.05511pt 
x 337.16516pt>
File: figures/system/conditioning_table/conditioning_table.png Graphic file (ty
pe png)
 <use figures/system/conditioning_table/conditioning_table.png>
Adding sideways figure on  right hand page)) (system/layout/inter_table.tex
(figures/system/interaction_mileposts/interaction_mileposts.tex
<figures/system/interaction_mileposts/interaction_mileposts.png, id=1000, 569.0
5511pt x 314.40295pt>
File: figures/system/interaction_mileposts/interaction_mileposts.png Graphic fi
le (type png)

<use figures/system/interaction_mileposts/interaction_mileposts.png>
Adding sideways figure on  right hand page [110] [111 <figures/system/laser_pos
itions/laser_positions.png>] [112 <figures/system/YAG_positions/YAG_positions.p
ng>] [113 <figures/system/dye_positions/dye_positions.png>] [114 <figures/syste
m/dye_mileposts/dye_mileposts.png>] [115 <figures/system/conditioning_table/con
ditioning_table.png>])
(figures/system/interaction_positions/interaction_positions.tex
<figures/system/interaction_positions/interaction_positions.png, id=1020, 569.0
5511pt x 301.03015pt>
File: figures/system/interaction_positions/interaction_positions.png Graphic fi
le (type png)

<use figures/system/interaction_positions/interaction_positions.png>
Adding sideways figure on  right hand page)
(figures/system/dye_mileposts/dye_mileposts.tex
File: figures/system/dye_mileposts/dye_mileposts.png Graphic file (type png)

<use figures/system/dye_mileposts/dye_mileposts.png>
Adding sideways figure on  right hand page)) (system/filters/dc.tex
(figures/system/fit_628/fit_628.tex

Package pdftex.def Warning: Option `bb' does not make sense,
(pdftex.def)                using `viewport' instead on input line 11.

<figures/system/fit_628/fit_628.pdf, id=1021, 614.295pt x 794.97pt>
File: figures/system/fit_628/fit_628.pdf Graphic file (type pdf)

<use figures/system/fit_628/fit_628.pdf>) (figures/system/fit_532/fit_532.tex

Package pdftex.def Warning: Option `bb' does not make sense,
(pdftex.def)                using `viewport' instead on input line 11.

<figures/system/fit_532/fit_532.pdf, id=1022, 614.295pt x 794.97pt>
File: figures/system/fit_532/fit_532.pdf Graphic file (type pdf)

<use figures/system/fit_532/fit_532.pdf>) [116] [117 <figures/system/interactio
n_mileposts/interaction_mileposts.png>] [118 <figures/system/interaction_positi
ons/interaction_positions.png>] [119] [120 <figures/system/fit_628/fit_628.pdf>
 <figures/system/fit_532/fit_532.pdf>] [121]) (system/filters/min_pulse.tex
(figures/system/delay_lines/delay_lines.tex

Package pdftex.def Warning: Option `bb' does not make sense,
(pdftex.def)                using `viewport' instead on input line 11.

<figures/system/delay_lines/delay_lines.pdf, id=1054, 794.97pt x 614.295pt>
File: figures/system/delay_lines/delay_lines.pdf Graphic file (type pdf)

<use figures/system/delay_lines/delay_lines.pdf>)
(figures/system/temporal_profiles/temporal_profiles.tex

Package pdftex.def Warning: Option `bb' does not make sense,
(pdftex.def)                using `viewport' instead on input line 11.


<figures/system/temporal_profiles/temporal_profiles.pdf, id=1055, 614.295pt x 7
94.97pt>
File: figures/system/temporal_profiles/temporal_profiles.pdf Graphic file (type
 pdf)
 <use figures/system/temporal_profiles/temporal_profiles.pdf>) [122 <figures/sy
stem/delay_lines/delay_lines.pdf, page is rotated 90 degrees>]
(figures/system/spectral_profiles/spectral_profiles.tex

Package pdftex.def Warning: Option `bb' does not make sense,
(pdftex.def)                using `viewport' instead on input line 11.


<figures/system/spectral_profiles/spectral_profiles.pdf, id=1063, 614.295pt x 7
94.97pt>
File: figures/system/spectral_profiles/spectral_profiles.pdf Graphic file (type
 pdf)
 <use figures/system/spectral_profiles/spectral_profiles.pdf>) [123 <figures/sy
stem/temporal_profiles/temporal_profiles.pdf>] [124 <figures/system/spectral_pr
ofiles/spectral_profiles.pdf>]) (system/filters/beam_to_focus.tex
(figures/system/dye21_to_pinhole/dye21_to_pinhole.tex
<figures/system/dye21_to_pinhole/dye21_to_pinhole.png, id=1083, 476.78125pt x 3
11.1625pt>
File: figures/system/dye21_to_pinhole/dye21_to_pinhole.png Graphic file (type p
ng)
 <use figures/system/dye21_to_pinhole/dye21_to_pinhole.png>) [125])
(system/filters/pinhole.tex (figures/system/spot_size/spot_size.tex
<figures/system/spot_size/spot_size.png, id=1087, 512.91624pt x 359.3425pt>
File: figures/system/spot_size/spot_size.png Graphic file (type png)

<use figures/system/spot_size/spot_size.png>) [126 <figures/system/dye21_to_pin
hole/dye21_to_pinhole.png>] (figures/system/energy/energy.tex
<figures/system/energy/energy.png, id=1092, 474.77374pt x 359.3425pt>
File: figures/system/energy/energy.png Graphic file (type png)

<use figures/system/energy/energy.png>)) [127 <figures/system/spot_size/spot_si
ze.png>] (system/filters/planaretalon.tex [128 <figures/system/energy/energy.pn
g>]) (system/confocal/data.tex (figures/system/confocal_all/confocal_all.tex

Package pdftex.def Warning: Option `bb' does not make sense,
(pdftex.def)                using `viewport' instead on input line 11.


<figures/diagnostics/confocal_all/confocal_all.pdf, id=1101, 614.295pt x 794.97
pt>
File: figures/diagnostics/confocal_all/confocal_all.pdf Graphic file (type pdf)

 <use figures/diagnostics/confocal_all/confocal_all.pdf>) [129 <figures/diagnos
tics/confocal_all/confocal_all.pdf>]
(figures/system/confocal_zoom/confocal_zoom.tex

Package pdftex.def Warning: Option `bb' does not make sense,
(pdftex.def)                using `viewport' instead on input line 11.


<figures/diagnostics/confocal_zoom/confocal_zoom.pdf, id=1112, 614.295pt x 794.
97pt>
File: figures/diagnostics/confocal_zoom/confocal_zoom.pdf Graphic file (type pd
f)
 <use figures/diagnostics/confocal_zoom/confocal_zoom.pdf>)
(figures/system/near_confocal/near_confocal.tex

Package pdftex.def Warning: Option `bb' does not make sense,
(pdftex.def)                using `viewport' instead on input line 11.


<figures/diagnostics/near_confocal/near_confocal.pdf, id=1113, 614.295pt x 794.
97pt>
File: figures/diagnostics/near_confocal/near_confocal.pdf Graphic file (type pd
f)
 <use figures/diagnostics/near_confocal/near_confocal.pdf>))) [130]
[131 <figures/diagnostics/confocal_zoom/confocal_zoom.pdf> <figures/diagnostics
/near_confocal/near_confocal.pdf>]
Chapter 8.
(conclusion/conclusion.tex [132

] [133] [134])) [135] (entire_document.bbl
[136


] [137]
Missing character: There is no  in font cmr10!
 [138] [139] [140] [141] [142]) [143] (entire_document.aux
(dedication.aux) (acknowledgements.aux) (abstract.aux) (body.aux))

LaTeX Warning: There were multiply-defined labels.

 ) 
Here is how much of TeX's memory you used:
 6273 strings out of 95512
 105956 string characters out of 1189056
 90743 words of memory out of 1084791
 5813 multiletter control sequences out of 60000
 10968 words of font info for 39 fonts, out of 500000 for 1000
 14 hyphenation exceptions out of 607
 28i,9n,43p,1668b,304s stack positions out of 1500i,500n,5000p,200000b,32768s
PDF statistics:
 1169 PDF objects out of 300000
 0 named destinations out of 300000
 550 words of extra memory for PDF output out of 65536
<c:\program files\texmf\fonts\type1\bluesky\cm\cmmi12.pfb><c:\program files\t
exmf\fonts\type1\bluesky\cm\line10.pfb><c:\program files\texmf\fonts\type1\blue
sky\cm\cmr6.pfb><c:\program files\texmf\fonts\type1\bluesky\cm\cmex10.pfb><c:\p
rogram files\texmf\fonts\type1\bluesky\cm\cmmi6.pfb><c:\program files\texmf\fon
ts\type1\bluesky\cm\cmsy10.pfb><c:\program files\texmf\fonts\type1\bluesky\cm\c
msy8.pfb><c:\program files\texmf\fonts\type1\bluesky\cm\cmmi8.pfb><c:\program f
iles\texmf\fonts\type1\bluesky\cm\cmr8.pfb><c:\program files\texmf\fonts\type1\
bluesky\cm\cmmi10.pfb><c:\program files\texmf\fonts\type1\bluesky\cm\cmbx10.pfb
><c:\program files\texmf\fonts\type1\bluesky\cm\cmti10.pfb><c:\program files\te
xmf\fonts\type1\bluesky\cm\cmbx12.pfb><c:\program files\texmf\fonts\type1\blues
ky\cm\cmr10.pfb><c:\program files\texmf\fonts\type1\bluesky\cm\cmr12.pfb>
Output written on entire_document.pdf (159 pages, 11908451 bytes).
